{"uuid":"a571cca1-026f-41c0-a5e6-fe5e57e8c1d2","historyId":"637376e097327aa2550642911845054d","testCaseId":"[engine:junit-jupiter]/[class:com.tests.LoginTest]/[method:testSuccessfulLogin()]","testCaseName":"Проверка успешной авторизации и отображения кнопки","fullName":"com.tests.LoginTest.testSuccessfulLogin","labels":[{"name":"junit.platform.uniqueid","value":"[engine:junit-jupiter]/[class:com.tests.LoginTest]/[method:testSuccessfulLogin()]"},{"name":"host","value":"MacBook-Air-Rail.local"},{"name":"thread","value":"16790@MacBook-Air-Rail.local.main(1)"},{"name":"framework","value":"junit-platform"},{"name":"language","value":"java"},{"name":"package","value":"com.tests.LoginTest"},{"name":"testClass","value":"com.tests.LoginTest"},{"name":"testMethod","value":"testSuccessfulLogin"},{"name":"suite","value":"com.tests.LoginTest"}],"links":[],"name":"Проверка успешной авторизации и отображения кнопки","status":"broken","statusDetails":{"known":false,"muted":false,"flaky":false,"message":"Ошибка создания page object","trace":"java.lang.RuntimeException: Ошибка создания page object\n\tat com.utils.BasePageFactory.openPage(BasePageFactory.java:16)\n\tat com.pages.LoginPage.login(LoginPage.java:39)\n\tat com.tests.LoginTest.testSuccessfulLogin(LoginTest.java:25)\n\tat java.base/java.lang.reflect.Method.invoke(Method.java:569)\n\tat java.base/java.util.ArrayList.forEach(ArrayList.java:1511)\n\tat java.base/java.util.ArrayList.forEach(ArrayList.java:1511)\nCaused by: java.lang.NoSuchMethodException: com.pages.clientRelationPage.ClientRelationPage.<init>()\n\tat java.base/java.lang.Class.getConstructor0(Class.java:3585)\n\tat java.base/java.lang.Class.getDeclaredConstructor(Class.java:2754)\n\tat com.utils.BasePageFactory.openPage(BasePageFactory.java:14)\n\t... 5 more\n"},"stage":"finished","description":"","steps":[],"attachments":[],"parameters":[],"start":1771417013632,"stop":1771417020119}